2023-07-16 11:10:17,996 INFO  [Log] ** 
2023-07-16 11:10:17,996 INFO  [Log] ** 
2023-07-16 11:10:17,996 INFO  [Log] $$$$$$$$$$$$$$$$$$$$$                 My employee membership management test case starts here       $$$$$$$$$$$$$$$$$$$$$$$$$ 
2023-07-16 11:10:17,996 INFO  [Log] ** 
2023-07-16 11:10:17,999 INFO  [Log] ** 
2023-07-16 11:10:18,280 INFO  [Log] my username has been entered 
2023-07-16 11:10:18,479 INFO  [Log] My password has been entered 
2023-07-16 11:10:33,243 INFO  [Log] ** 
2023-07-16 11:10:33,244 INFO  [Log] ** 
2023-07-16 11:10:33,244 INFO  [Log] $$$$$$$$$$$$$$$$$$$$$                 My employee membership management test case starts here       $$$$$$$$$$$$$$$$$$$$$$$$$ 
2023-07-16 11:10:33,244 INFO  [Log] ** 
2023-07-16 11:10:33,244 INFO  [Log] ** 
2023-07-16 11:10:33,494 INFO  [Log] my username has been entered 
2023-07-16 11:10:33,705 INFO  [Log] My password has been entered 
2023-07-16 11:10:50,188 INFO  [Log] ** 
2023-07-16 11:10:50,188 INFO  [Log] ** 
2023-07-16 11:10:50,188 INFO  [Log] $$$$$$$$$$$$$$$$$$$$$                 My employee membership management test case starts here       $$$$$$$$$$$$$$$$$$$$$$$$$ 
2023-07-16 11:10:50,188 INFO  [Log] ** 
2023-07-16 11:10:50,188 INFO  [Log] ** 
2023-07-16 11:10:50,420 INFO  [Log] my username has been entered 
2023-07-16 11:10:50,647 INFO  [Log] My password has been entered 
2023-07-16 11:15:11,913 INFO  [Log] ** 
2023-07-16 11:15:11,914 INFO  [Log] ** 
2023-07-16 11:15:11,916 INFO  [Log] $$$$$$$$$$$$$$$$$$$$$                 My employee membership management test case starts here       $$$$$$$$$$$$$$$$$$$$$$$$$ 
2023-07-16 11:15:11,916 INFO  [Log] ** 
2023-07-16 11:15:11,916 INFO  [Log] ** 
2023-07-16 11:15:12,158 INFO  [Log] my username has been entered 
2023-07-16 11:15:12,390 INFO  [Log] My password has been entered 
2023-07-16 11:15:26,845 INFO  [Log] ** 
2023-07-16 11:15:26,845 INFO  [Log] ** 
2023-07-16 11:15:26,845 INFO  [Log] $$$$$$$$$$$$$$$$$$$$$                 My employee membership management test case starts here       $$$$$$$$$$$$$$$$$$$$$$$$$ 
2023-07-16 11:15:26,845 INFO  [Log] ** 
2023-07-16 11:15:26,845 INFO  [Log] ** 
2023-07-16 11:15:27,079 INFO  [Log] my username has been entered 
2023-07-16 11:15:27,313 INFO  [Log] My password has been entered 
2023-07-16 11:15:41,863 INFO  [Log] ** 
2023-07-16 11:15:41,863 INFO  [Log] ** 
2023-07-16 11:15:41,863 INFO  [Log] $$$$$$$$$$$$$$$$$$$$$                 My employee membership management test case starts here       $$$$$$$$$$$$$$$$$$$$$$$$$ 
2023-07-16 11:15:41,864 INFO  [Log] ** 
2023-07-16 11:15:41,864 INFO  [Log] ** 
2023-07-16 11:15:42,091 INFO  [Log] my username has been entered 
2023-07-16 11:15:42,336 INFO  [Log] My password has been entered 
2023-07-16 11:42:03,646 INFO  [Log] ** 
2023-07-16 11:42:03,646 INFO  [Log] ** 
2023-07-16 11:42:03,646 INFO  [Log] $$$$$$$$$$$$$$$$$$$$$                 My employee membership management test case starts here       $$$$$$$$$$$$$$$$$$$$$$$$$ 
2023-07-16 11:42:03,646 INFO  [Log] ** 
2023-07-16 11:42:03,646 INFO  [Log] ** 
2023-07-16 11:42:03,823 INFO  [Log] my username has been entered 
2023-07-16 11:42:03,987 INFO  [Log] My password has been entered 
2023-07-16 11:42:17,791 INFO  [Log] ** 
2023-07-16 11:42:17,791 INFO  [Log] ** 
2023-07-16 11:42:17,791 INFO  [Log] $$$$$$$$$$$$$$$$$$$$$                 My employee membership management test case starts here       $$$$$$$$$$$$$$$$$$$$$$$$$ 
2023-07-16 11:42:17,791 INFO  [Log] ** 
2023-07-16 11:42:17,791 INFO  [Log] ** 
2023-07-16 11:42:18,005 INFO  [Log] my username has been entered 
2023-07-16 11:42:18,181 INFO  [Log] My password has been entered 
2023-07-16 11:42:31,976 INFO  [Log] ** 
2023-07-16 11:42:31,976 INFO  [Log] ** 
2023-07-16 11:42:31,976 INFO  [Log] $$$$$$$$$$$$$$$$$$$$$                 My employee membership management test case starts here       $$$$$$$$$$$$$$$$$$$$$$$$$ 
2023-07-16 11:42:31,977 INFO  [Log] ** 
2023-07-16 11:42:31,977 INFO  [Log] ** 
2023-07-16 11:42:32,126 INFO  [Log] my username has been entered 
2023-07-16 11:42:32,286 INFO  [Log] My password has been entered 
2023-07-16 11:51:48,420 INFO  [Log] ** 
2023-07-16 11:51:48,420 INFO  [Log] ** 
2023-07-16 11:51:48,422 INFO  [Log] $$$$$$$$$$$$$$$$$$$$$                 My employee membership management test case starts here       $$$$$$$$$$$$$$$$$$$$$$$$$ 
2023-07-16 11:51:48,422 INFO  [Log] ** 
2023-07-16 11:51:48,422 INFO  [Log] ** 
2023-07-16 11:51:48,585 INFO  [Log] My username has been entered 
2023-07-16 11:51:48,745 INFO  [Log] My password has been entered 
2023-07-16 11:52:02,371 INFO  [Log] ** 
2023-07-16 11:52:02,371 INFO  [Log] ** 
2023-07-16 11:52:02,371 INFO  [Log] $$$$$$$$$$$$$$$$$$$$$                 My employee membership management test case starts here       $$$$$$$$$$$$$$$$$$$$$$$$$ 
2023-07-16 11:52:02,371 INFO  [Log] ** 
2023-07-16 11:52:02,371 INFO  [Log] ** 
2023-07-16 11:52:02,535 INFO  [Log] My username has been entered 
2023-07-16 11:52:02,694 INFO  [Log] My password has been entered 
2023-07-16 11:52:15,681 INFO  [Log] ** 
2023-07-16 11:52:15,682 INFO  [Log] ** 
2023-07-16 11:52:15,682 INFO  [Log] $$$$$$$$$$$$$$$$$$$$$                 My employee membership management test case starts here       $$$$$$$$$$$$$$$$$$$$$$$$$ 
2023-07-16 11:52:15,682 INFO  [Log] ** 
2023-07-16 11:52:15,682 INFO  [Log] ** 
2023-07-16 11:52:15,803 INFO  [Log] My username has been entered 
2023-07-16 11:52:15,985 INFO  [Log] My password has been entered 
2023-07-16 13:34:35,158 INFO  [Log] ** 
2023-07-16 13:34:35,158 INFO  [Log] ** 
2023-07-16 13:34:35,159 INFO  [Log] $$$$$$$$$$$$$$$$$$$$$                 My employee membership management test case starts here       $$$$$$$$$$$$$$$$$$$$$$$$$ 
2023-07-16 13:34:35,159 INFO  [Log] ** 
2023-07-16 13:34:35,159 INFO  [Log] ** 
2023-07-16 13:34:35,330 INFO  [Log] My username has been entered 
2023-07-16 13:34:35,486 INFO  [Log] My password has been entered 
2023-07-16 13:35:01,213 INFO  [Log] ** 
2023-07-16 13:35:01,213 INFO  [Log] ** 
2023-07-16 13:35:01,217 INFO  [Log] $$$$$$$$$$$$$$$$$$$$$                 My employee membership management test case starts here       $$$$$$$$$$$$$$$$$$$$$$$$$ 
2023-07-16 13:35:01,217 INFO  [Log] ** 
2023-07-16 13:35:01,217 INFO  [Log] ** 
2023-07-16 13:35:01,385 INFO  [Log] My username has been entered 
2023-07-16 13:35:01,555 INFO  [Log] My password has been entered 
2023-07-16 13:35:15,458 INFO  [Log] ** 
2023-07-16 13:35:15,458 INFO  [Log] ** 
2023-07-16 13:35:15,458 INFO  [Log] $$$$$$$$$$$$$$$$$$$$$                 My employee membership management test case starts here       $$$$$$$$$$$$$$$$$$$$$$$$$ 
2023-07-16 13:35:15,458 INFO  [Log] ** 
2023-07-16 13:35:15,458 INFO  [Log] ** 
2023-07-16 13:35:15,614 INFO  [Log] My username has been entered 
2023-07-16 13:35:15,768 INFO  [Log] My password has been entered 
2023-07-16 13:35:29,417 INFO  [Log] ** 
2023-07-16 13:35:29,417 INFO  [Log] ** 
2023-07-16 13:35:29,417 INFO  [Log] $$$$$$$$$$$$$$$$$$$$$                 My employee membership management test case starts here       $$$$$$$$$$$$$$$$$$$$$$$$$ 
2023-07-16 13:35:29,417 INFO  [Log] ** 
2023-07-16 13:35:29,417 INFO  [Log] ** 
2023-07-16 13:35:29,580 INFO  [Log] My username has been entered 
2023-07-16 13:35:29,745 INFO  [Log] My password has been entered 
2023-07-16 13:38:54,351 INFO  [Log] ** 
2023-07-16 13:38:54,351 INFO  [Log] ** 
2023-07-16 13:38:54,356 INFO  [Log] $$$$$$$$$$$$$$$$$$$$$                 My employee membership management test case starts here       $$$$$$$$$$$$$$$$$$$$$$$$$ 
2023-07-16 13:38:54,356 INFO  [Log] ** 
2023-07-16 13:38:54,356 INFO  [Log] ** 
2023-07-16 13:38:54,511 INFO  [Log] My username has been entered 
2023-07-16 13:38:54,668 INFO  [Log] My password has been entered 
2023-07-16 13:39:08,067 INFO  [Log] ** 
2023-07-16 13:39:08,067 INFO  [Log] ** 
2023-07-16 13:39:08,067 INFO  [Log] $$$$$$$$$$$$$$$$$$$$$                 My employee membership management test case starts here       $$$$$$$$$$$$$$$$$$$$$$$$$ 
2023-07-16 13:39:08,067 INFO  [Log] ** 
2023-07-16 13:39:08,067 INFO  [Log] ** 
2023-07-16 13:39:08,239 INFO  [Log] My username has been entered 
2023-07-16 13:39:08,419 INFO  [Log] My password has been entered 
2023-07-16 13:39:22,932 INFO  [Log] ** 
2023-07-16 13:39:22,932 INFO  [Log] ** 
2023-07-16 13:39:22,932 INFO  [Log] $$$$$$$$$$$$$$$$$$$$$                 My employee membership management test case starts here       $$$$$$$$$$$$$$$$$$$$$$$$$ 
2023-07-16 13:39:22,932 INFO  [Log] ** 
2023-07-16 13:39:22,932 INFO  [Log] ** 
2023-07-16 13:39:23,082 INFO  [Log] My username has been entered 
2023-07-16 13:39:23,235 INFO  [Log] My password has been entered 
2023-07-16 13:40:29,379 INFO  [Log] ** 
2023-07-16 13:40:29,380 INFO  [Log] ** 
2023-07-16 13:40:29,381 INFO  [Log] $$$$$$$$$$$$$$$$$$$$$                 The employee's contact details update test case starts here       $$$$$$$$$$$$$$$$$$$$$$$$$ 
2023-07-16 13:40:29,381 INFO  [Log] ** 
2023-07-16 13:40:29,381 INFO  [Log] ** 
2023-07-16 13:40:29,563 INFO  [Log] Username has been entered 
2023-07-16 13:40:29,738 INFO  [Log] Password has been entered 
2023-07-16 13:52:03,678 INFO  [Log] ** 
2023-07-16 13:52:03,678 INFO  [Log] ** 
2023-07-16 13:52:03,680 INFO  [Log] $$$$$$$$$$$$$$$$$$$$$                 The employee's contact details update test case starts here       $$$$$$$$$$$$$$$$$$$$$$$$$ 
2023-07-16 13:52:03,680 INFO  [Log] ** 
2023-07-16 13:52:03,680 INFO  [Log] ** 
2023-07-16 13:52:03,825 INFO  [Log] Username has been entered 
2023-07-16 13:52:03,989 INFO  [Log] Password has been entered 
2023-07-16 14:39:48,824 INFO  [Log] ** 
2023-07-16 14:39:48,824 INFO  [Log] ** 
2023-07-16 14:39:48,827 INFO  [Log] $$$$$$$$$$$$$$$$$$$$$                 The employee's contact details update test case starts here       $$$$$$$$$$$$$$$$$$$$$$$$$ 
2023-07-16 14:39:48,828 INFO  [Log] ** 
2023-07-16 14:39:48,828 INFO  [Log] ** 
2023-07-16 14:39:49,042 INFO  [Log] Username has been entered 
2023-07-16 14:39:49,260 INFO  [Log] Password has been entered 
2023-07-16 14:43:39,289 INFO  [Log] ** 
2023-07-16 14:43:39,289 INFO  [Log] ** 
2023-07-16 14:43:39,290 INFO  [Log] $$$$$$$$$$$$$$$$$$$$$                 My employee membership management test case starts here       $$$$$$$$$$$$$$$$$$$$$$$$$ 
2023-07-16 14:43:39,290 INFO  [Log] ** 
2023-07-16 14:43:39,290 INFO  [Log] ** 
2023-07-16 14:43:39,552 INFO  [Log] My username has been entered 
2023-07-16 14:43:39,759 INFO  [Log] My password has been entered 
2023-07-16 14:43:55,877 INFO  [Log] ** 
2023-07-16 14:43:55,877 INFO  [Log] ** 
2023-07-16 14:43:55,877 INFO  [Log] $$$$$$$$$$$$$$$$$$$$$                 My employee membership management test case starts here       $$$$$$$$$$$$$$$$$$$$$$$$$ 
2023-07-16 14:43:55,877 INFO  [Log] ** 
2023-07-16 14:43:55,878 INFO  [Log] ** 
2023-07-16 14:43:56,102 INFO  [Log] My username has been entered 
2023-07-16 14:43:56,330 INFO  [Log] My password has been entered 
2023-07-16 14:44:10,773 INFO  [Log] ** 
2023-07-16 14:44:10,773 INFO  [Log] ** 
2023-07-16 14:44:10,773 INFO  [Log] $$$$$$$$$$$$$$$$$$$$$                 My employee membership management test case starts here       $$$$$$$$$$$$$$$$$$$$$$$$$ 
2023-07-16 14:44:10,773 INFO  [Log] ** 
2023-07-16 14:44:10,773 INFO  [Log] ** 
2023-07-16 14:44:11,075 INFO  [Log] My username has been entered 
2023-07-16 14:44:11,324 INFO  [Log] My password has been entered 
